#
# There is insufficient memory for the Java Runtime Environment to continue.
# Native memory allocation (malloc) failed to allocate 616240 bytes for Chunk::new
# Possible reasons:
#   The system is out of physical RAM or swap space
#   In 32 bit mode, the process size limit was hit
# Possible solutions:
#   Reduce memory load on the system
#   Increase physical memory or swap space
#   Check if swap backing store is full
#   Use 64 bit Java on a 64 bit OS
#   Decrease Java heap size (-Xmx/-Xms)
#   Decrease number of Java threads
#   Decrease Java thread stack sizes (-Xss)
#   Set larger code cache with -XX:ReservedCodeCacheSize=
# This output file may be truncated or incomplete.
#
#  Out of Memory Error (allocation.cpp:390), pid=16404, tid=0x00000000000008e4
#
# JRE version: OpenJDK Runtime Environment (8.0_152-b02) (build 1.8.0_152-release-1024-b02)
# Java VM: OpenJDK 64-Bit Server VM (25.152-b02 mixed mode windows-amd64 compressed oops)
# Failed to write core dump. Minidumps are not enabled by default on client versions of Windows
#

---------------  T H R E A D  ---------------

Current thread (0x0000000014e4a800):  JavaThread "C2 CompilerThread0" daemon [_thread_in_native, id=2276, stack(0x00000000164b0000,0x00000000165b0000)]

Stack: [0x00000000164b0000,0x00000000165b0000]
[error occurred during error reporting (printing stack bounds), id 0xc0000005]

Native frames: (J=compiled Java code, j=interpreted, Vv=VM code, C=native code)


Current CompileTask:
C2:  11979 2124  s    4       sun.misc.URLClassPath::getNextLoader (88 bytes)


---------------  P R O C E S S  ---------------

Java Threads: ( => current thread )
  0x0000000019cdc000 JavaThread "Cache worker for file hash cache (C:\Users\Shubham\AndroidStudioProjects\Augmento10\.gradle\4.6\fileHashes)" [_thread_blocked, id=10872, stack(0x000000001a9d0000,0x000000001aad0000)]
  0x0000000017f6a000 JavaThread "File lock request listener" [_thread_in_native, id=16616, stack(0x0000000019900000,0x0000000019a00000)]
  0x0000000018256000 JavaThread "Cache worker for file hash cache (C:\Users\Shubham\.gradle\caches\4.6\fileHashes)" [_thread_blocked, id=16700, stack(0x0000000019800000,0x0000000019900000)]
  0x0000000017215000 JavaThread "Stdin handler" [_thread_blocked, id=15548, stack(0x0000000019500000,0x0000000019600000)]
  0x0000000017212000 JavaThread "Asynchronous log dispatcher for DefaultDaemonConnection: socket connection from /127.0.0.1:1179 to /127.0.0.1:1180" [_thread_blocked, id=5820, stack(0x0000000019400000,0x0000000019500000)]
  0x0000000017029000 JavaThread "Daemon worker" [_thread_in_vm, id=7964, stack(0x0000000019300000,0x0000000019400000)]
  0x0000000017be6800 JavaThread "Cancel handler" [_thread_blocked, id=15192, stack(0x0000000019200000,0x0000000019300000)]
  0x00000000171a4000 JavaThread "Handler for socket connection from /127.0.0.1:1179 to /127.0.0.1:1180" [_thread_in_native, id=2872, stack(0x0000000018f00000,0x0000000019000000)]
  0x00000000168ba800 JavaThread "Daemon" [_thread_blocked, id=15120, stack(0x0000000018e00000,0x0000000018f00000)]
  0x0000000017b80800 JavaThread "Daemon periodic checks" [_thread_blocked, id=15292, stack(0x0000000018d00000,0x0000000018e00000)]
  0x0000000017b7d800 JavaThread "Incoming local TCP Connector on port 1179" [_thread_in_native, id=8396, stack(0x0000000018ac0000,0x0000000018bc0000)]
  0x0000000014eae000 JavaThread "Service Thread" daemon [_thread_blocked, id=2272, stack(0x0000000016bb0000,0x0000000016cb0000)]
  0x00000000166b8800 JavaThread "C1 CompilerThread2" daemon [_thread_blocked, id=17092, stack(0x0000000016ab0000,0x0000000016bb0000)]
  0x0000000014e50000 JavaThread "C2 CompilerThread1" daemon [_thread_in_native, id=17128, stack(0x00000000165b0000,0x00000000166b0000)]
=>0x0000000014e4a800 JavaThread "C2 CompilerThread0" daemon [_thread_in_native, id=2276, stack(0x00000000164b0000,0x00000000165b0000)]
  0x0000000014e58000 JavaThread "Attach Listener" daemon [_thread_blocked, id=14684, stack(0x00000000163b0000,0x00000000164b0000)]
  0x0000000014e57000 JavaThread "Signal Dispatcher" daemon [_thread_blocked, id=8560, stack(0x00000000162b0000,0x00000000163b0000)]
  0x0000000002777000 JavaThread "Finalizer" daemon [_thread_blocked, id=5848, stack(0x00000000160b0000,0x00000000161b0000)]
  0x0000000002772000 JavaThread "Reference Handler" daemon [_thread_blocked, id=11176, stack(0x0000000015fb0000,0x00000000160b0000)]
  0x0000000002682800 JavaThread "main" [_thread_blocked, id=7552, stack(0x00000000024a0000,0x00000000025a0000)]

Other Threads:
  0x0000000014e16800 VMThread [stack: 0x0000000015eb0000,0x0000000015fb0000] [id=2600]
  0x00000000166c1000 WatcherThread [stack: 0x0000000016cb0000,0x0000000016db0000] [id=11996]

VM state:not at safepoint (normal execution)

VM Mutex/Monitor currently owned by a thread: None

Heap:
 PSYoungGen      total 42496K, used 30612K [0x00000000eab00000, 0x00000000eee00000, 0x0000000100000000)
  eden space 32256K, 83% used [0x00000000eab00000,0x00000000ec536458,0x00000000eca80000)
  from space 10240K, 36% used [0x00000000ed480000,0x00000000ed82ec08,0x00000000ede80000)
  to   space 10240K, 0% used [0x00000000eca80000,0x00000000eca80000,0x00000000ed480000)
 ParOldGen       total 62464K, used 8316K [0x00000000c0000000, 0x00000000c3d00000, 0x00000000eab00000)
  object space 62464K, 13% used [0x00000000c0000000,0x00000000c081f290,0x00000000c3d00000)
 Metaspace       used 26320K, capacity 26760K, committed 26880K, reserved 1073152K
  class space    used 3594K, capacity 3732K, committed 3840K, reserved 1048576K

Card table byte_map: [0x0000000011b40000,0x0000000011d50000] byte_map_base: 0x0000000011540000

Marking Bits: (ParMarkBitMap*) 0x00000000558a4970
 Begin Bits: [0x00000000122b0000, 0x00000000132b0000)
 End Bits:   [0x00000000132b0000, 0x00000000142b0000)

Polling page: 0x0000000000c00000

CodeCache: size=245760Kb used=8182Kb max_used=8316Kb free=237577Kb
 bounds [0x0000000002780000, 0x0000000002fb0000, 0x0000000011780000]
 total_blobs=2625 nmethods=1980 adapters=558
 compilation: enabled

Compilation events (10 events):
Event: 11.916 Thread 0x00000000166b8800 2147       3       org.codehaus.groovy.reflection.CachedClass::getMethods (11 bytes)
Event: 11.916 Thread 0x00000000166b8800 nmethod 2147 0x00000000029fecd0 code [0x00000000029fee40, 0x00000000029ff148]
Event: 11.922 Thread 0x00000000166b8800 2148       3       sun.reflect.ReflectionFactory::newMethodAccessor (79 bytes)
Event: 11.923 Thread 0x00000000166b8800 nmethod 2148 0x0000000002b5cd10 code [0x0000000002b5cfe0, 0x0000000002b5e878]
Event: 11.932 Thread 0x00000000166b8800 2149   !   3       java.beans.PropertyDescriptor::findPropertyType (188 bytes)
Event: 11.938 Thread 0x00000000166b8800 nmethod 2149 0x0000000002f85b10 code [0x0000000002f86260, 0x0000000002f8b228]
Event: 11.938 Thread 0x00000000166b8800 2151       3       groovy.lang.MetaClassImpl$Index::getNotNull (32 bytes)
Event: 11.938 Thread 0x00000000166b8800 nmethod 2151 0x00000000029fe290 code [0x00000000029fe420, 0x00000000029fea48]
Event: 11.938 Thread 0x00000000166b8800 2150       3       java.beans.PropertyDescriptor::setPropertyType (9 bytes)
Event: 11.938 Thread 0x00000000166b8800 nmethod 2150 0x0000000002b5c650 code [0x0000000002b5c7e0, 0x0000000002b5cb68]

GC Heap History (10 events):
Event: 6.985 GC heap before
{Heap before GC invocations=3 (full 0):
 PSYoungGen      total 37888K, used 37886K [0x00000000eab00000, 0x00000000ed500000, 0x0000000100000000)
  eden space 32768K, 100% used [0x00000000eab00000,0x00000000ecb00000,0x00000000ecb00000)
  from space 5120K, 99% used [0x00000000ed000000,0x00000000ed4ff830,0x00000000ed500000)
  to   space 5120K, 0% used [0x00000000ecb00000,0x00000000ecb00000,0x00000000ed000000)
 ParOldGen       total 86016K, used 70K [0x00000000c0000000, 0x00000000c5400000, 0x00000000eab00000)
  object space 86016K, 0% used [0x00000000c0000000,0x00000000c0011930,0x00000000c5400000)
 Metaspace       used 13993K, capacity 14324K, committed 14464K, reserved 1060864K
  class space    used 1943K, capacity 2060K, committed 2176K, reserved 1048576K
Event: 6.993 GC heap after
Heap after GC invocations=3 (full 0):
 PSYoungGen      total 37888K, used 5107K [0x00000000eab00000, 0x00000000ed500000, 0x0000000100000000)
  eden space 32768K, 0% used [0x00000000eab00000,0x00000000eab00000,0x00000000ecb00000)
  from space 5120K, 99% used [0x00000000ecb00000,0x00000000ecffce58,0x00000000ed000000)
  to   space 5120K, 0% used [0x00000000ed000000,0x00000000ed000000,0x00000000ed500000)
 ParOldGen       total 86016K, used 1903K [0x00000000c0000000, 0x00000000c5400000, 0x00000000eab00000)
  object space 86016K, 2% used [0x00000000c0000000,0x00000000c01dbc70,0x00000000c5400000)
 Metaspace       used 13993K, capacity 14324K, committed 14464K, reserved 1060864K
  class space    used 1943K, capacity 2060K, committed 2176K, reserved 1048576K
}
Event: 8.095 GC heap before
{Heap before GC invocations=4 (full 0):
 PSYoungGen      total 37888K, used 37875K [0x00000000eab00000, 0x00000000ed500000, 0x0000000100000000)
  eden space 32768K, 100% used [0x00000000eab00000,0x00000000ecb00000,0x00000000ecb00000)
  from space 5120K, 99% used [0x00000000ecb00000,0x00000000ecffce58,0x00000000ed000000)
  to   space 5120K, 0% used [0x00000000ed000000,0x00000000ed000000,0x00000000ed500000)
 ParOldGen       total 86016K, used 1903K [0x00000000c0000000, 0x00000000c5400000, 0x00000000eab00000)
  object space 86016K, 2% used [0x00000000c0000000,0x00000000c01dbc70,0x00000000c5400000)
 Metaspace       used 17148K, capacity 17516K, committed 17792K, reserved 1064960K
  class space    used 2471K, capacity 2608K, committed 2688K, reserved 1048576K
Event: 8.109 GC heap after
Heap after GC invocations=4 (full 0):
 PSYoungGen      total 37888K, used 5088K [0x00000000eab00000, 0x00000000ed500000, 0x0000000100000000)
  eden space 32768K, 0% used [0x00000000eab00000,0x00000000eab00000,0x00000000ecb00000)
  from space 5120K, 99% used [0x00000000ed000000,0x00000000ed4f8040,0x00000000ed500000)
  to   space 5120K, 0% used [0x00000000ecb00000,0x00000000ecb00000,0x00000000ed000000)
 ParOldGen       total 86016K, used 5018K [0x00000000c0000000, 0x00000000c5400000, 0x00000000eab00000)
  object space 86016K, 5% used [0x00000000c0000000,0x00000000c04e6910,0x00000000c5400000)
 Metaspace       used 17148K, capacity 17516K, committed 17792K, reserved 1064960K
  class space    used 2471K, capacity 2608K, committed 2688K, reserved 1048576K
}
Event: 9.687 GC heap before
{Heap before GC invocations=5 (full 0):
 PSYoungGen      total 37888K, used 24144K [0x00000000eab00000, 0x00000000ed500000, 0x0000000100000000)
  eden space 32768K, 58% used [0x00000000eab00000,0x00000000ebd9c268,0x00000000ecb00000)
  from space 5120K, 99% used [0x00000000ed000000,0x00000000ed4f8040,0x00000000ed500000)
  to   space 5120K, 0% used [0x00000000ecb00000,0x00000000ecb00000,0x00000000ed000000)
 ParOldGen       total 86016K, used 5018K [0x00000000c0000000, 0x00000000c5400000, 0x00000000eab00000)
  object space 86016K, 5% used [0x00000000c0000000,0x00000000c04e6910,0x00000000c5400000)
 Metaspace       used 20779K, capacity 21230K, committed 21248K, reserved 1067008K
  class space    used 2908K, capacity 3071K, committed 3072K, reserved 1048576K
Event: 9.703 GC heap after
Heap after GC invocations=5 (full 0):
 PSYoungGen      total 37376K, used 5108K [0x00000000eab00000, 0x00000000ede80000, 0x0000000100000000)
  eden space 32256K, 0% used [0x00000000eab00000,0x00000000eab00000,0x00000000eca80000)
  from space 5120K, 99% used [0x00000000ecb00000,0x00000000ecffd060,0x00000000ed000000)
  to   space 10240K, 0% used [0x00000000ed480000,0x00000000ed480000,0x00000000ede80000)
 ParOldGen       total 86016K, used 8031K [0x00000000c0000000, 0x00000000c5400000, 0x00000000eab00000)
  object space 86016K, 9% used [0x00000000c0000000,0x00000000c07d7f28,0x00000000c5400000)
 Metaspace       used 20779K, capacity 21230K, committed 21248K, reserved 1067008K
  class space    used 2908K, capacity 3071K, committed 3072K, reserved 1048576K
}
Event: 9.703 GC heap before
{Heap before GC invocations=6 (full 1):
 PSYoungGen      total 37376K, used 5108K [0x00000000eab00000, 0x00000000ede80000, 0x0000000100000000)
  eden space 32256K, 0% used [0x00000000eab00000,0x00000000eab00000,0x00000000eca80000)
  from space 5120K, 99% used [0x00000000ecb00000,0x00000000ecffd060,0x00000000ed000000)
  to   space 10240K, 0% used [0x00000000ed480000,0x00000000ed480000,0x00000000ede80000)
 ParOldGen       total 86016K, used 8031K [0x00000000c0000000, 0x00000000c5400000, 0x00000000eab00000)
  object space 86016K, 9% used [0x00000000c0000000,0x00000000c07d7f28,0x00000000c5400000)
 Metaspace       used 20779K, capacity 21230K, committed 21248K, reserved 1067008K
  class space    used 2908K, capacity 3071K, committed 3072K, reserved 1048576K
Event: 9.776 GC heap after
Heap after GC invocations=6 (full 1):
 PSYoungGen      total 37376K, used 0K [0x00000000eab00000, 0x00000000ede80000, 0x0000000100000000)
  eden space 32256K, 0% used [0x00000000eab00000,0x00000000eab00000,0x00000000eca80000)
  from space 5120K, 0% used [0x00000000ecb00000,0x00000000ecb00000,0x00000000ed000000)
  to   space 10240K, 0% used [0x00000000ed480000,0x00000000ed480000,0x00000000ede80000)
 ParOldGen       total 62464K, used 8308K [0x00000000c0000000, 0x00000000c3d00000, 0x00000000eab00000)
  object space 62464K, 13% used [0x00000000c0000000,0x00000000c081d290,0x00000000c3d00000)
 Metaspace       used 20779K, capacity 21230K, committed 21248K, reserved 1067008K
  class space    used 2908K, capacity 3071K, committed 3072K, reserved 1048576K
}
Event: 11.248 GC heap before
{Heap before GC invocations=7 (full 1):
 PSYoungGen      total 37376K, used 32256K [0x00000000eab00000, 0x00000000ede80000, 0x0000000100000000)
  eden space 32256K, 100% used [0x00000000eab00000,0x00000000eca80000,0x00000000eca80000)
  from space 5120K, 0% used [0x00000000ecb00000,0x00000000ecb00000,0x00000000ed000000)
  to   space 10240K, 0% used [0x00000000ed480000,0x00000000ed480000,0x00000000ede80000)
 ParOldGen       total 62464K, used 8308K [0x00000000c0000000, 0x00000000c3d00000, 0x00000000eab00000)
  object space 62464K, 13% used [0x00000000c0000000,0x00000000c081d290,0x00000000c3d00000)
 Metaspace       used 23880K, capacity 24382K, committed 24448K, reserved 1071104K
  class space    used 3275K, capacity 3432K, committed 3456K, reserved 1048576K
Event: 11.257 GC heap after
Heap after GC invocations=7 (full 1):
 PSYoungGen      total 42496K, used 3771K [0x00000000eab00000, 0x00000000eee00000, 0x0000000100000000)
  eden space 32256K, 0% used [0x00000000eab00000,0x00000000eab00000,0x00000000eca80000)
  from space 10240K, 36% used [0x00000000ed480000,0x00000000ed82ec08,0x00000000ede80000)
  to   space 10240K, 0% used [0x00000000eca80000,0x00000000eca80000,0x00000000ed480000)
 ParOldGen       total 62464K, used 8316K [0x00000000c0000000, 0x00000000c3d00000, 0x00000000eab00000)
  object space 62464K, 13% used [0x00000000c0000000,0x00000000c081f290,0x00000000c3d00000)
 Metaspace       used 23880K, capacity 24382K, committed 24448K, reserved 1071104K
  class space    used 3275K, capacity 3432K, committed 3456K, reserved 1048576K
}

Deoptimization events (10 events):
Event: 11.257 Thread 0x0000000002772000 Uncommon trap: reason=unstable_if action=reinterpret pc=0x00000000028cc838 method=java.lang.ref.Reference.tryHandlePending(Z)Z @ 104
Event: 11.260 Thread 0x0000000017029000 Uncommon trap: reason=unstable_if action=reinterpret pc=0x0000000002bb6b3c method=java.util.HashMap.getNode(ILjava/lang/Object;)Ljava/util/HashMap$Node; @ 53
Event: 11.260 Thread 0x0000000017029000 Uncommon trap: reason=unstable_if action=reinterpret pc=0x0000000002c0b490 method=java.util.HashMap.hash(Ljava/lang/Object;)I @ 1
Event: 11.302 Thread 0x0000000017029000 Uncommon trap: reason=class_check action=maybe_recompile pc=0x0000000002d44080 method=java.lang.reflect.Method.equals(Ljava/lang/Object;)Z @ 5
Event: 11.305 Thread 0x0000000017029000 Uncommon trap: reason=class_check action=maybe_recompile pc=0x0000000002d44080 method=java.lang.reflect.Method.equals(Ljava/lang/Object;)Z @ 5
Event: 11.446 Thread 0x0000000017029000 Uncommon trap: reason=unstable_if action=reinterpret pc=0x0000000002a356f0 method=java.util.LinkedHashMap.afterNodeInsertion(Z)V @ 1
Event: 11.478 Thread 0x0000000017029000 Uncommon trap: reason=class_check action=maybe_recompile pc=0x0000000002d44080 method=java.lang.reflect.Method.equals(Ljava/lang/Object;)Z @ 5
Event: 11.478 Thread 0x0000000017029000 Uncommon trap: reason=class_check action=maybe_recompile pc=0x0000000002d44080 method=java.lang.reflect.Method.equals(Ljava/lang/Object;)Z @ 5
Event: 11.780 Thread 0x0000000017029000 Uncommon trap: reason=class_check action=maybe_recompile pc=0x0000000002d8b270 method=sun.misc.URLClassPath.getLoader(I)Lsun/misc/URLClassPath$Loader; @ 94
Event: 11.794 Thread 0x0000000017029000 Uncommon trap: reason=class_check action=maybe_recompile pc=0x0000000002d4036c method=sun.misc.URLClassPath.getLoader(I)Lsun/misc/URLClassPath$Loader; @ 239

Classes redefined (0 events):
No events

Internal exceptions (10 events):
Event: 11.798 Thread 0x0000000017029000 Exception <a 'java/lang/ClassNotFoundException': org/gradle/api/internal/project/ProjectScriptCustomizer> (0x00000000ebea3498) thrown at [D:\src\AOSP-openjdk-cygwin\jdk8u\hotspot\src\share\vm\classfile\systemDictionary.cpp, line 210]
Event: 11.800 Thread 0x0000000017029000 Exception <a 'java/lang/ClassNotFoundException': build_cjaw16cvbnfbcixyiv7rwsin9Customizer> (0x00000000ebec28f0) thrown at [D:\src\AOSP-openjdk-cygwin\jdk8u\hotspot\src\share\vm\classfile\systemDictionary.cpp, line 210]
Event: 11.810 Thread 0x0000000017029000 Exception <a 'java/lang/ClassNotFoundException': groovy/lang/Closure$1BeanInfo> (0x00000000ebfb6548) thrown at [D:\src\AOSP-openjdk-cygwin\jdk8u\hotspot\src\share\vm\classfile\systemDictionary.cpp, line 210]
Event: 11.811 Thread 0x0000000017029000 Exception <a 'java/lang/ClassNotFoundException': groovy/lang/ClosureBeanInfo> (0x00000000ebfd0c18) thrown at [D:\src\AOSP-openjdk-cygwin\jdk8u\hotspot\src\share\vm\classfile\systemDictionary.cpp, line 210]
Event: 11.811 Thread 0x0000000017029000 Exception <a 'java/lang/ClassNotFoundException': groovy/lang/ClosureCustomizer> (0x00000000ebfebb68) thrown at [D:\src\AOSP-openjdk-cygwin\jdk8u\hotspot\src\share\vm\classfile\systemDictionary.cpp, line 210]
Event: 11.815 Thread 0x0000000017029000 Exception <a 'java/lang/ClassNotFoundException': groovy/lang/Closure$1Customizer> (0x00000000ec02dd00) thrown at [D:\src\AOSP-openjdk-cygwin\jdk8u\hotspot\src\share\vm\classfile\systemDictionary.cpp, line 210]
Event: 11.918 Thread 0x0000000017029000 Exception <a 'java/lang/ClassNotFoundException': org/gradle/internal/metaobject/ConfigureDelegateBeanInfo> (0x00000000ec274c90) thrown at [D:\src\AOSP-openjdk-cygwin\jdk8u\hotspot\src\share\vm\classfile\systemDictionary.cpp, line 210]
Event: 11.919 Thread 0x0000000017029000 Exception <a 'java/lang/ClassNotFoundException': org/gradle/internal/metaobject/ConfigureDelegateCustomizer> (0x00000000ec29c148) thrown at [D:\src\AOSP-openjdk-cygwin\jdk8u\hotspot\src\share\vm\classfile\systemDictionary.cpp, line 210]
Event: 11.931 Thread 0x0000000017029000 Exception <a 'java/lang/ClassNotFoundException': org/gradle/api/internal/initialization/DefaultScriptHandlerBeanInfo> (0x00000000ec30f840) thrown at [D:\src\AOSP-openjdk-cygwin\jdk8u\hotspot\src\share\vm\classfile\systemDictionary.cpp, line 210]
Event: 11.932 Thread 0x0000000017029000 Exception <a 'java/lang/ClassNotFoundException': org/gradle/api/internal/initialization/DefaultScriptHandlerCustomizer> (0x00000000ec33db88) thrown at [D:\src\AOSP-openjdk-cygwin\jdk8u\hotspot\src\share\vm\classfile\systemDictionary.cpp, line 210]

Events (10 events):
Event: 11.950 loading class org/gradle/internal/resource/local/LocallyAvailableResourceCandidates
Event: 11.950 loading class org/gradle/internal/resource/local/LocallyAvailableResourceCandidates done
Event: 11.951 loading class org/gradle/internal/resource/local/ivy/LocallyAvailableResourceFinderFactory$1
Event: 11.951 loading class org/gradle/internal/resource/local/ivy/LocallyAvailableResourceFinderFactory$1 done
Event: 11.951 loading class org/gradle/internal/resource/local/LocallyAvailableResourceFinderSearchableFileStoreAdapter$1
Event: 11.951 loading class org/gradle/internal/resource/local/LocallyAvailableResourceFinderSearchableFileStoreAdapter$1 done
Event: 11.952 loading class org/gradle/api/internal/artifacts/repositories/resolver/IvyResourcePattern
Event: 11.952 loading class org/gradle/api/internal/artifacts/repositories/resolver/IvyResourcePattern done
Event: 11.953 loading class org/gradle/api/internal/artifacts/repositories/resolver/AbstractResourcePattern
Event: 11.953 loading class org/gradle/api/internal/artifacts/repositories/resolver/AbstractResourcePattern done


Dynamic libraries:
0x00007ff7c0840000 - 0x00007ff7c0871000 	C:\Program Files\Android\Android Studio\jre\bin\java.exe
0x00007ff94f060000 - 0x00007ff94f250000 	C:\WINDOWS\SYSTEM32\ntdll.dll
0x00007ff94eca0000 - 0x00007ff94ed52000 	C:\WINDOWS\System32\KERNEL32.DLL
0x00007ff94c7f0000 - 0x00007ff94ca93000 	C:\WINDOWS\System32\KERNELBASE.dll
0x00007ff94e4f0000 - 0x00007ff94e593000 	C:\WINDOWS\System32\ADVAPI32.dll
0x00007ff94d450000 - 0x00007ff94d4ee000 	C:\WINDOWS\System32\msvcrt.dll
0x00007ff94edd0000 - 0x00007ff94ee67000 	C:\WINDOWS\System32\sechost.dll
0x00007ff94d9f0000 - 0x00007ff94db10000 	C:\WINDOWS\System32\RPCRT4.dll
0x00007ff94d520000 - 0x00007ff94d6b4000 	C:\WINDOWS\System32\USER32.dll
0x00007ff94c7c0000 - 0x00007ff94c7e1000 	C:\WINDOWS\System32\win32u.dll
0x00007ff94ef40000 - 0x00007ff94ef66000 	C:\WINDOWS\System32\GDI32.dll
0x00007ff94ce90000 - 0x00007ff94d024000 	C:\WINDOWS\System32\gdi32full.dll
0x00007ff94caa0000 - 0x00007ff94cb3e000 	C:\WINDOWS\System32\msvcp_win.dll
0x00007ff94cc10000 - 0x00007ff94cd0a000 	C:\WINDOWS\System32\ucrtbase.dll
0x00007ff935820000 - 0x00007ff935aa5000 	C:\WINDOWS\WinSxS\amd64_microsoft.windows.common-controls_6595b64144ccf1df_6.0.18362.720_none_e6beb5c51314836b\COMCTL32.dll
0x00007ff94d110000 - 0x00007ff94d446000 	C:\WINDOWS\System32\combase.dll
0x00007ff94d090000 - 0x00007ff94d110000 	C:\WINDOWS\System32\bcryptPrimitives.dll
0x00007ff94d4f0000 - 0x00007ff94d51e000 	C:\WINDOWS\System32\IMM32.DLL
0x00000000580b0000 - 0x0000000058182000 	C:\Program Files\Android\Android Studio\jre\jre\bin\msvcr100.dll
0x00000000550e0000 - 0x000000005591f000 	C:\Program Files\Android\Android Studio\jre\jre\bin\server\jvm.dll
0x00007ff94d910000 - 0x00007ff94d918000 	C:\WINDOWS\System32\PSAPI.DLL
0x00007ff946520000 - 0x00007ff946529000 	C:\WINDOWS\SYSTEM32\WSOCK32.dll
0x00007ff9468e0000 - 0x00007ff946904000 	C:\WINDOWS\SYSTEM32\WINMM.dll
0x00007ff94dd20000 - 0x00007ff94dd8f000 	C:\WINDOWS\System32\WS2_32.dll
0x00007ff94aa30000 - 0x00007ff94aa3a000 	C:\WINDOWS\SYSTEM32\VERSION.dll
0x00007ff9468b0000 - 0x00007ff9468dd000 	C:\WINDOWS\SYSTEM32\WINMMBASE.dll
0x00007ff94c770000 - 0x00007ff94c7ba000 	C:\WINDOWS\System32\cfgmgr32.dll
0x00007ff946270000 - 0x00007ff94627f000 	C:\Program Files\Android\Android Studio\jre\jre\bin\verify.dll
0x00007ff9308a0000 - 0x00007ff9308c9000 	C:\Program Files\Android\Android Studio\jre\jre\bin\java.dll
0x00007ff9361b0000 - 0x00007ff9361c6000 	C:\Program Files\Android\Android Studio\jre\jre\bin\zip.dll
0x00007ff94e5b0000 - 0x00007ff94ec95000 	C:\WINDOWS\System32\SHELL32.dll
0x00007ff94ef70000 - 0x00007ff94f019000 	C:\WINDOWS\System32\shcore.dll
0x00007ff94bff0000 - 0x00007ff94c770000 	C:\WINDOWS\System32\windows.storage.dll
0x00007ff94bf50000 - 0x00007ff94bf73000 	C:\WINDOWS\System32\profapi.dll
0x00007ff94bfa0000 - 0x00007ff94bfea000 	C:\WINDOWS\System32\powrprof.dll
0x00007ff94bf20000 - 0x00007ff94bf30000 	C:\WINDOWS\System32\UMPDC.dll
0x00007ff94db10000 - 0x00007ff94db62000 	C:\WINDOWS\System32\shlwapi.dll
0x00007ff94bf30000 - 0x00007ff94bf41000 	C:\WINDOWS\System32\kernel.appcore.dll
0x00007ff94cbf0000 - 0x00007ff94cc07000 	C:\WINDOWS\System32\cryptsp.dll
0x00007ff935380000 - 0x00007ff93539a000 	C:\Program Files\Android\Android Studio\jre\jre\bin\net.dll
0x00007ff94b790000 - 0x00007ff94b7f7000 	C:\WINDOWS\system32\mswsock.dll
0x00007ff933440000 - 0x00007ff933451000 	C:\Program Files\Android\Android Studio\jre\jre\bin\nio.dll
0x00007ff92e7c0000 - 0x00007ff92e7de000 	C:\Users\Shubham\.gradle\native\25\windows-amd64\native-platform.dll
0x00007ff9451e0000 - 0x00007ff9451ed000 	C:\Program Files\Android\Android Studio\jre\jre\bin\management.dll
0x00007ff94b300000 - 0x00007ff94b333000 	C:\WINDOWS\system32\rsaenh.dll
0x00007ff94ce60000 - 0x00007ff94ce86000 	C:\WINDOWS\System32\bcrypt.dll
0x00007ff94be10000 - 0x00007ff94be35000 	C:\WINDOWS\SYSTEM32\USERENV.dll
0x00007ff94b960000 - 0x00007ff94b96c000 	C:\WINDOWS\SYSTEM32\CRYPTBASE.dll
0x00007ff94b4a0000 - 0x00007ff94b4da000 	C:\WINDOWS\SYSTEM32\IPHLPAPI.DLL
0x00007ff94e5a0000 - 0x00007ff94e5a8000 	C:\WINDOWS\System32\NSI.dll
0x00007ff9401f0000 - 0x00007ff940206000 	C:\WINDOWS\SYSTEM32\dhcpcsvc6.DLL
0x00007ff940e40000 - 0x00007ff940e5c000 	C:\WINDOWS\SYSTEM32\dhcpcsvc.DLL
0x00007ff94b4e0000 - 0x00007ff94b5aa000 	C:\WINDOWS\SYSTEM32\DNSAPI.dll

VM Arguments:
jvm_args: -Xmx1024m -Dfile.encoding=windows-1252 -Duser.country=IN -Duser.language=en -Duser.variant 
java_command: org.gradle.launcher.daemon.bootstrap.GradleDaemon 4.6
java_class_path (initial): C:\Users\Shubham\.gradle\wrapper\dists\gradle-4.6-all\bcst21l2brirad8k2ben1letg\gradle-4.6\lib\gradle-launcher-4.6.jar
Launcher Type: SUN_STANDARD

Environment Variables:
JRE_HOME=C:\Program Files\Java\jre1.8.0_144
CLASSPATH=.;C:\Program Files (x86)\QuickTime\QTSystem\QTJava.zip
USERNAME=Shubham
OS=Windows_NT
PROCESSOR_IDENTIFIER=Intel64 Family 6 Model 142 Stepping 9, GenuineIntel



---------------  S Y S T E M  ---------------

OS: Windows 10.0 , 64 bit Build 18362 (10.0.18362.329)

CPU:total 4 (initial active 4) (2 cores per cpu, 2 threads per core) family 6 model 142 stepping 9, cmov, cx8, fxsr, mmx, sse, sse2, sse3, ssse3, sse4.1, sse4.2, popcnt, avx, avx2, aes, clmul, erms, 3dnowpref, lzcnt, ht, tsc, tscinvbit, bmi1, bmi2, adx

Memory: 4k page, physical 8253668k(317800k free), swap 33419492k(4980k free)

vm_info: OpenJDK 64-Bit Server VM (25.152-b02) for windows-amd64 JRE (1.8.0_152-release-1024-b02), built by "builder" with MS VC++ 10.0 (VS2010)

time: Tue Apr 14 15:48:29 2020
elapsed time: 11 seconds (0d 0h 0m 11s)

