#
# There is insufficient memory for the Java Runtime Environment to continue.
# Native memory allocation (malloc) failed to allocate 1521296 bytes for Chunk::new
# Possible reasons:
#   The system is out of physical RAM or swap space
#   In 32 bit mode, the process size limit was hit
# Possible solutions:
#   Reduce memory load on the system
#   Increase physical memory or swap space
#   Check if swap backing store is full
#   Use 64 bit Java on a 64 bit OS
#   Decrease Java heap size (-Xmx/-Xms)
#   Decrease number of Java threads
#   Decrease Java thread stack sizes (-Xss)
#   Set larger code cache with -XX:ReservedCodeCacheSize=
# This output file may be truncated or incomplete.
#
#  Out of Memory Error (allocation.cpp:390), pid=12116, tid=0x0000000000003184
#
# JRE version: OpenJDK Runtime Environment (8.0_152-b02) (build 1.8.0_152-release-1024-b02)
# Java VM: OpenJDK 64-Bit Server VM (25.152-b02 mixed mode windows-amd64 compressed oops)
# Failed to write core dump. Minidumps are not enabled by default on client versions of Windows
#

---------------  T H R E A D  ---------------

Current thread (0x0000000014a55000):  JavaThread "C2 CompilerThread1" daemon [_thread_in_native, id=12676, stack(0x00000000161b0000,0x00000000162b0000)]

Stack: [0x00000000161b0000,0x00000000162b0000]
[error occurred during error reporting (printing stack bounds), id 0xc0000005]

Native frames: (J=compiled Java code, j=interpreted, Vv=VM code, C=native code)


Current CompileTask:
C2: 575103 20728       4       com.sun.tools.javac.comp.TransTypes::addBridgeIfNeeded (491 bytes)


---------------  P R O C E S S  ---------------

Java Threads: ( => current thread )
  0x000000001a3be000 JavaThread "Cache worker for Java compile cache (C:\Users\Shubham\AndroidStudioProjects\Augmento10\.gradle\4.6\javaCompile)" [_thread_blocked, id=9844, stack(0x0000000021a30000,0x0000000021b30000)]
  0x000000001a3b6800 JavaThread "Task worker for ':' Thread 3" [_thread_blocked, id=14900, stack(0x0000000021700000,0x0000000021800000)]
  0x000000001a3bc800 JavaThread "Task worker for ':' Thread 2" [_thread_blocked, id=7564, stack(0x0000000021600000,0x0000000021700000)]
  0x000000001a3b8000 JavaThread "Task worker for ':'" [_thread_in_native, id=11200, stack(0x0000000021500000,0x0000000021600000)]
  0x000000001a3bd000 JavaThread "Cache worker for Build Output Cleanup Cache (C:\Users\Shubham\AndroidStudioProjects\Augmento10\.gradle\buildOutputCleanup)" [_thread_blocked, id=2140, stack(0x0000000021400000,0x0000000021500000)]
  0x000000001a3b5800 JavaThread "Cache worker for task history cache (C:\Users\Shubham\AndroidStudioProjects\Augmento10\.gradle\4.6\taskHistory)" [_thread_blocked, id=5292, stack(0x0000000020080000,0x0000000020180000)]
  0x000000001a3b8800 JavaThread "Cache worker for file content cache (C:\Users\Shubham\AndroidStudioProjects\Augmento10\.gradle\4.6\fileContent)" [_thread_blocked, id=10652, stack(0x000000001ff80000,0x0000000020080000)]
  0x000000001a3b7000 JavaThread "Build operations Thread 4" [_thread_blocked, id=10388, stack(0x000000001e880000,0x000000001e980000)]
  0x000000001a3b0800 JavaThread "Build operations Thread 3" [_thread_blocked, id=12000, stack(0x000000001ca50000,0x000000001cb50000)]
  0x000000001a3b3800 JavaThread "Build operations Thread 2" [_thread_blocked, id=7228, stack(0x000000001b8a0000,0x000000001b9a0000)]
  0x000000001a3b2800 JavaThread "Build operations" [_thread_blocked, id=11852, stack(0x000000001a5d0000,0x000000001a6d0000)]
  0x000000001a3b1000 JavaThread "Cache worker for Artifact transforms cache (C:\Users\Shubham\.gradle\caches\transforms-1)" [_thread_blocked, id=11992, stack(0x0000000019000000,0x0000000019100000)]
  0x000000001a3b4000 JavaThread "Cache worker for file hash cache (C:\Users\Shubham\AndroidStudioProjects\Augmento10\.gradle\4.6\fileHashes)" [_thread_blocked, id=11132, stack(0x0000000018f00000,0x0000000019000000)]
  0x000000001a3af800 JavaThread "Stdin handler" [_thread_blocked, id=11728, stack(0x0000000018e00000,0x0000000018f00000)]
  0x000000001a511000 JavaThread "Asynchronous log dispatcher for DefaultDaemonConnection: socket connection from /127.0.0.1:6473 to /127.0.0.1:6630" [_thread_blocked, id=8704, stack(0x0000000018b00000,0x0000000018c00000)]
  0x000000001a517000 JavaThread "Daemon worker Thread 3" [_thread_blocked, id=1744, stack(0x0000000018a00000,0x0000000018b00000)]
  0x000000001a517800 JavaThread "Cancel handler" [_thread_blocked, id=8148, stack(0x0000000000860000,0x0000000000960000)]
  0x000000001a515800 JavaThread "Handler for socket connection from /127.0.0.1:6473 to /127.0.0.1:6630" [_thread_in_native, id=10680, stack(0x0000000000760000,0x0000000000860000)]
  0x000000001a514000 JavaThread "Daemon Thread 3" [_thread_blocked, id=7292, stack(0x0000000000660000,0x0000000000760000)]
  0x000000001a3b2000 JavaThread "pool-1-thread-1" [_thread_blocked, id=6344, stack(0x0000000019100000,0x0000000019200000)]
  0x000000001a511800 JavaThread "Memory manager" [_thread_blocked, id=7328, stack(0x000000001f080000,0x000000001f180000)]
  0x0000000017c3d000 JavaThread "File lock request listener" [_thread_in_native, id=13192, stack(0x0000000019500000,0x0000000019600000)]
  0x0000000017a8a000 JavaThread "Cache worker for file hash cache (C:\Users\Shubham\.gradle\caches\4.6\fileHashes)" [_thread_blocked, id=13648, stack(0x0000000019400000,0x0000000019500000)]
  0x0000000017982800 JavaThread "Daemon periodic checks" [_thread_in_native, id=10836, stack(0x0000000018900000,0x0000000018a00000)]
  0x0000000017915800 JavaThread "Incoming local TCP Connector on port 6473" [_thread_in_native, id=11376, stack(0x00000000186c0000,0x00000000187c0000)]
  0x0000000014aae800 JavaThread "Service Thread" daemon [_thread_blocked, id=2396, stack(0x00000000167b0000,0x00000000168b0000)]
  0x0000000014a5c800 JavaThread "C1 CompilerThread2" daemon [_thread_blocked, id=1224, stack(0x00000000162b0000,0x00000000163b0000)]
=>0x0000000014a55000 JavaThread "C2 CompilerThread1" daemon [_thread_in_native, id=12676, stack(0x00000000161b0000,0x00000000162b0000)]
  0x0000000014a4f000 JavaThread "C2 CompilerThread0" daemon [_thread_in_native, id=7536, stack(0x00000000160b0000,0x00000000161b0000)]
  0x0000000014a4b800 JavaThread "Attach Listener" daemon [_thread_blocked, id=6412, stack(0x0000000015fb0000,0x00000000160b0000)]
  0x0000000014a4a000 JavaThread "Signal Dispatcher" daemon [_thread_blocked, id=1940, stack(0x0000000015eb0000,0x0000000015fb0000)]
  0x000000000237d000 JavaThread "Finalizer" daemon [_thread_blocked, id=8048, stack(0x0000000015cb0000,0x0000000015db0000)]
  0x0000000002372000 JavaThread "Reference Handler" daemon [_thread_blocked, id=9696, stack(0x0000000015bb0000,0x0000000015cb0000)]
  0x0000000002282800 JavaThread "main" [_thread_blocked, id=9892, stack(0x0000000002100000,0x0000000002200000)]

Other Threads:
  0x0000000014a16800 VMThread [stack: 0x0000000015ab0000,0x0000000015bb0000] [id=10776]
  0x00000000163e3800 WatcherThread [stack: 0x00000000168b0000,0x00000000169b0000] [id=11008]

VM state:not at safepoint (normal execution)

VM Mutex/Monitor currently owned by a thread: None

Heap:
 PSYoungGen      total 277504K, used 110434K [0x00000000eab00000, 0x0000000100000000, 0x0000000100000000)
  eden space 221184K, 26% used [0x00000000eab00000,0x00000000ee3abb40,0x00000000f8300000)
  from space 56320K, 93% used [0x00000000fc900000,0x00000000ffc2cd40,0x0000000100000000)
  to   space 64000K, 0% used [0x00000000f8300000,0x00000000f8300000,0x00000000fc180000)
 ParOldGen       total 242176K, used 164456K [0x00000000c0000000, 0x00000000cec80000, 0x00000000eab00000)
  object space 242176K, 67% used [0x00000000c0000000,0x00000000ca09a1c8,0x00000000cec80000)
 Metaspace       used 84463K, capacity 87712K, committed 87936K, reserved 1126400K
  class space    used 10727K, capacity 11388K, committed 11392K, reserved 1048576K

Card table byte_map: [0x0000000011740000,0x0000000011950000] byte_map_base: 0x0000000011140000

Marking Bits: (ParMarkBitMap*) 0x0000000066704970
 Begin Bits: [0x0000000011eb0000, 0x0000000012eb0000)
 End Bits:   [0x0000000012eb0000, 0x0000000013eb0000)

Polling page: 0x0000000000450000

CodeCache: size=245760Kb used=55146Kb max_used=55146Kb free=190613Kb
 bounds [0x0000000002380000, 0x00000000059b0000, 0x0000000011380000]
 total_blobs=16678 nmethods=15819 adapters=766
 compilation: enabled

Compilation events (10 events):
Event: 574.991 Thread 0x0000000014a5c800 20781   !   3       com.sun.tools.javac.comp.Attr::checkMethod (887 bytes)
Event: 574.999 Thread 0x0000000014a5c800 nmethod 20781 0x000000000598b010 code [0x000000000598ba60, 0x00000000059941a8]
Event: 575.002 Thread 0x0000000014a5c800 20782       1       com.sun.tools.javac.tree.TreeTranslator::visitLiteral (6 bytes)
Event: 575.002 Thread 0x0000000014a5c800 nmethod 20782 0x0000000005999d50 code [0x0000000005999ea0, 0x0000000005999fd0]
Event: 575.003 Thread 0x0000000014a5c800 20783       3       com.sun.tools.javac.tree.TreeTranslator::visitBlock (18 bytes)
Event: 575.003 Thread 0x0000000014a5c800 nmethod 20783 0x000000000599a050 code [0x000000000599a1c0, 0x000000000599a408]
Event: 575.012 Thread 0x0000000014a5c800 20784       3       com.sun.tools.javac.tree.TreeScanner::visitBlock (9 bytes)
Event: 575.013 Thread 0x0000000014a5c800 nmethod 20784 0x000000000599a4d0 code [0x000000000599a640, 0x000000000599a848]
Event: 575.013 Thread 0x0000000014a5c800 20785       3       com.sun.tools.javac.util.Assert::checkNull (8 bytes)
Event: 575.013 Thread 0x0000000014a5c800 nmethod 20785 0x000000000599a910 code [0x000000000599aa80, 0x000000000599ad08]

GC Heap History (10 events):
Event: 397.759 GC heap before
{Heap before GC invocations=47 (full 4):
 PSYoungGen      total 311808K, used 311793K [0x00000000eab00000, 0x0000000100000000, 0x0000000100000000)
  eden space 274432K, 100% used [0x00000000eab00000,0x00000000fb700000,0x00000000fb700000)
  from space 37376K, 99% used [0x00000000fb700000,0x00000000fdb7c5d8,0x00000000fdb80000)
  to   space 37376K, 0% used [0x00000000fdb80000,0x00000000fdb80000,0x0000000100000000)
 ParOldGen       total 242176K, used 164416K [0x00000000c0000000, 0x00000000cec80000, 0x00000000eab00000)
  object space 242176K, 67% used [0x00000000c0000000,0x00000000ca0901c8,0x00000000cec80000)
 Metaspace       used 76612K, capacity 79652K, committed 80000K, reserved 1118208K
  class space    used 9877K, capacity 10516K, committed 10624K, reserved 1048576K
Event: 398.206 GC heap after
Heap after GC invocations=47 (full 4):
 PSYoungGen      total 279040K, used 21650K [0x00000000eab00000, 0x0000000100000000, 0x0000000100000000)
  eden space 241664K, 0% used [0x00000000eab00000,0x00000000eab00000,0x00000000f9700000)
  from space 37376K, 57% used [0x00000000fdb80000,0x00000000ff0a4bf8,0x0000000100000000)
  to   space 53760K, 0% used [0x00000000f9700000,0x00000000f9700000,0x00000000fcb80000)
 ParOldGen       total 242176K, used 164424K [0x00000000c0000000, 0x00000000cec80000, 0x00000000eab00000)
  object space 242176K, 67% used [0x00000000c0000000,0x00000000ca0921c8,0x00000000cec80000)
 Metaspace       used 76612K, capacity 79652K, committed 80000K, reserved 1118208K
  class space    used 9877K, capacity 10516K, committed 10624K, reserved 1048576K
}
Event: 404.047 GC heap before
{Heap before GC invocations=48 (full 4):
 PSYoungGen      total 279040K, used 262906K [0x00000000eab00000, 0x0000000100000000, 0x0000000100000000)
  eden space 241664K, 99% used [0x00000000eab00000,0x00000000f9699f98,0x00000000f9700000)
  from space 37376K, 57% used [0x00000000fdb80000,0x00000000ff0a4bf8,0x0000000100000000)
  to   space 53760K, 0% used [0x00000000f9700000,0x00000000f9700000,0x00000000fcb80000)
 ParOldGen       total 242176K, used 164424K [0x00000000c0000000, 0x00000000cec80000, 0x00000000eab00000)
  object space 242176K, 67% used [0x00000000c0000000,0x00000000ca0921c8,0x00000000cec80000)
 Metaspace       used 82594K, capacity 85724K, committed 85760K, reserved 1124352K
  class space    used 10598K, capacity 11232K, committed 11264K, reserved 1048576K
Event: 404.083 GC heap after
Heap after GC invocations=48 (full 4):
 PSYoungGen      total 271872K, used 29874K [0x00000000eab00000, 0x0000000100000000, 0x0000000100000000)
  eden space 241664K, 0% used [0x00000000eab00000,0x00000000eab00000,0x00000000f9700000)
  from space 30208K, 98% used [0x00000000f9700000,0x00000000fb42c928,0x00000000fb480000)
  to   space 54272K, 0% used [0x00000000fcb00000,0x00000000fcb00000,0x0000000100000000)
 ParOldGen       total 242176K, used 164432K [0x00000000c0000000, 0x00000000cec80000, 0x00000000eab00000)
  object space 242176K, 67% used [0x00000000c0000000,0x00000000ca0941c8,0x00000000cec80000)
 Metaspace       used 82594K, capacity 85724K, committed 85760K, reserved 1124352K
  class space    used 10598K, capacity 11232K, committed 11264K, reserved 1048576K
}
Event: 404.117 GC heap before
{Heap before GC invocations=49 (full 4):
 PSYoungGen      total 271872K, used 271303K [0x00000000eab00000, 0x0000000100000000, 0x0000000100000000)
  eden space 241664K, 99% used [0x00000000eab00000,0x00000000f96c53c8,0x00000000f9700000)
  from space 30208K, 98% used [0x00000000f9700000,0x00000000fb42c928,0x00000000fb480000)
  to   space 54272K, 0% used [0x00000000fcb00000,0x00000000fcb00000,0x0000000100000000)
 ParOldGen       total 242176K, used 164432K [0x00000000c0000000, 0x00000000cec80000, 0x00000000eab00000)
  object space 242176K, 67% used [0x00000000c0000000,0x00000000ca0941c8,0x00000000cec80000)
 Metaspace       used 82602K, capacity 85724K, committed 85760K, reserved 1124352K
  class space    used 10598K, capacity 11232K, committed 11264K, reserved 1048576K
Event: 404.152 GC heap after
Heap after GC invocations=49 (full 4):
 PSYoungGen      total 295424K, used 28150K [0x00000000eab00000, 0x0000000100000000, 0x0000000100000000)
  eden space 241152K, 0% used [0x00000000eab00000,0x00000000eab00000,0x00000000f9680000)
  from space 54272K, 51% used [0x00000000fcb00000,0x00000000fe67d9f8,0x0000000100000000)
  to   space 53760K, 0% used [0x00000000f9680000,0x00000000f9680000,0x00000000fcb00000)
 ParOldGen       total 242176K, used 164440K [0x00000000c0000000, 0x00000000cec80000, 0x00000000eab00000)
  object space 242176K, 67% used [0x00000000c0000000,0x00000000ca0961c8,0x00000000cec80000)
 Metaspace       used 82602K, capacity 85724K, committed 85760K, reserved 1124352K
  class space    used 10598K, capacity 11232K, committed 11264K, reserved 1048576K
}
Event: 414.740 GC heap before
{Heap before GC invocations=50 (full 4):
 PSYoungGen      total 295424K, used 269302K [0x00000000eab00000, 0x0000000100000000, 0x0000000100000000)
  eden space 241152K, 100% used [0x00000000eab00000,0x00000000f9680000,0x00000000f9680000)
  from space 54272K, 51% used [0x00000000fcb00000,0x00000000fe67d9f8,0x0000000100000000)
  to   space 53760K, 0% used [0x00000000f9680000,0x00000000f9680000,0x00000000fcb00000)
 ParOldGen       total 242176K, used 164440K [0x00000000c0000000, 0x00000000cec80000, 0x00000000eab00000)
  object space 242176K, 67% used [0x00000000c0000000,0x00000000ca0961c8,0x00000000cec80000)
 Metaspace       used 83629K, capacity 86860K, committed 86912K, reserved 1124352K
  class space    used 10716K, capacity 11372K, committed 11392K, reserved 1048576K
Event: 414.789 GC heap after
Heap after GC invocations=50 (full 4):
 PSYoungGen      total 278016K, used 36447K [0x00000000eab00000, 0x0000000100000000, 0x0000000100000000)
  eden space 241152K, 0% used [0x00000000eab00000,0x00000000eab00000,0x00000000f9680000)
  from space 36864K, 98% used [0x00000000f9680000,0x00000000fba17dd0,0x00000000fba80000)
  to   space 56320K, 0% used [0x00000000fc900000,0x00000000fc900000,0x0000000100000000)
 ParOldGen       total 242176K, used 164448K [0x00000000c0000000, 0x00000000cec80000, 0x00000000eab00000)
  object space 242176K, 67% used [0x00000000c0000000,0x00000000ca0981c8,0x00000000cec80000)
 Metaspace       used 83629K, capacity 86860K, committed 86912K, reserved 1124352K
  class space    used 10716K, capacity 11372K, committed 11392K, reserved 1048576K
}
Event: 573.726 GC heap before
{Heap before GC invocations=51 (full 4):
 PSYoungGen      total 278016K, used 277599K [0x00000000eab00000, 0x0000000100000000, 0x0000000100000000)
  eden space 241152K, 100% used [0x00000000eab00000,0x00000000f9680000,0x00000000f9680000)
  from space 36864K, 98% used [0x00000000f9680000,0x00000000fba17dd0,0x00000000fba80000)
  to   space 56320K, 0% used [0x00000000fc900000,0x00000000fc900000,0x0000000100000000)
 ParOldGen       total 242176K, used 164448K [0x00000000c0000000, 0x00000000cec80000, 0x00000000eab00000)
  object space 242176K, 67% used [0x00000000c0000000,0x00000000ca0981c8,0x00000000cec80000)
 Metaspace       used 84106K, capacity 87392K, committed 87424K, reserved 1126400K
  class space    used 10727K, capacity 11388K, committed 11392K, reserved 1048576K
Event: 574.013 GC heap after
Heap after GC invocations=51 (full 4):
 PSYoungGen      total 277504K, used 52403K [0x00000000eab00000, 0x0000000100000000, 0x0000000100000000)
  eden space 221184K, 0% used [0x00000000eab00000,0x00000000eab00000,0x00000000f8300000)
  from space 56320K, 93% used [0x00000000fc900000,0x00000000ffc2cd40,0x0000000100000000)
  to   space 64000K, 0% used [0x00000000f8300000,0x00000000f8300000,0x00000000fc180000)
 ParOldGen       total 242176K, used 164456K [0x00000000c0000000, 0x00000000cec80000, 0x00000000eab00000)
  object space 242176K, 67% used [0x00000000c0000000,0x00000000ca09a1c8,0x00000000cec80000)
 Metaspace       used 84106K, capacity 87392K, committed 87424K, reserved 1126400K
  class space    used 10727K, capacity 11388K, committed 11392K, reserved 1048576K
}

Deoptimization events (10 events):
Event: 574.409 Thread 0x000000001a3b8000 Uncommon trap: reason=class_check action=maybe_recompile pc=0x000000000581fecc method=com.sun.tools.javac.tree.TreeInfo.isEnumInit(Lcom/sun/tools/javac/tree/JCTree;)Z @ 4
Event: 574.451 Thread 0x000000001a3b8000 Uncommon trap: reason=class_check action=maybe_recompile pc=0x000000000392f8d8 method=com.sun.tools.javac.tree.JCTree$Visitor.visitLiteral(Lcom/sun/tools/javac/tree/JCTree$JCLiteral;)V @ 2
Event: 574.451 Thread 0x000000001a3b8000 Uncommon trap: reason=class_check action=maybe_recompile pc=0x000000000392f8d8 method=com.sun.tools.javac.tree.JCTree$Visitor.visitLiteral(Lcom/sun/tools/javac/tree/JCTree$JCLiteral;)V @ 2
Event: 574.451 Thread 0x000000001a3b8000 Uncommon trap: reason=class_check action=maybe_recompile pc=0x000000000392f8d8 method=com.sun.tools.javac.tree.JCTree$Visitor.visitLiteral(Lcom/sun/tools/javac/tree/JCTree$JCLiteral;)V @ 2
Event: 574.451 Thread 0x000000001a3b8000 Uncommon trap: reason=class_check action=maybe_recompile pc=0x000000000392f8d8 method=com.sun.tools.javac.tree.JCTree$Visitor.visitLiteral(Lcom/sun/tools/javac/tree/JCTree$JCLiteral;)V @ 2
Event: 574.478 Thread 0x000000001a3b8000 Uncommon trap: reason=class_check action=maybe_recompile pc=0x00000000057eca8c method=com.sun.tools.javac.comp.MemberEnter.annotateLater(Lcom/sun/tools/javac/util/List;Lcom/sun/tools/javac/comp/Env;Lcom/sun/tools/javac/code/Symbol;Lcom/sun/tools/javac/uti
Event: 574.499 Thread 0x000000001a3b8000 Uncommon trap: reason=unstable_if action=reinterpret pc=0x00000000058927f0 method=com.sun.tools.javac.comp.MemberEnter.visitVarDef(Lcom/sun/tools/javac/tree/JCTree$JCVariableDecl;)V @ 18
Event: 574.511 Thread 0x000000001a3b8000 Uncommon trap: reason=class_check action=maybe_recompile pc=0x00000000057eca8c method=com.sun.tools.javac.comp.MemberEnter.annotateLater(Lcom/sun/tools/javac/util/List;Lcom/sun/tools/javac/comp/Env;Lcom/sun/tools/javac/code/Symbol;Lcom/sun/tools/javac/uti
Event: 574.590 Thread 0x000000001a3b8000 Uncommon trap: reason=unstable_if action=reinterpret pc=0x00000000057d62a8 method=com.sun.tools.javac.comp.Check.checkUnique(Lcom/sun/tools/javac/util/JCDiagnostic$DiagnosticPosition;Lcom/sun/tools/javac/code/Symbol;Lcom/sun/tools/javac/code/Scope;)Z @ 7
Event: 574.612 Thread 0x000000001a3b8000 Uncommon trap: reason=speculate_class_check action=maybe_recompile pc=0x000000000544e114 method=com.sun.tools.javac.code.Type.hasTag(Lcom/sun/tools/javac/code/TypeTag;)Z @ 2

Classes redefined (0 events):
No events

Internal exceptions (10 events):
Event: 414.738 Thread 0x000000001d0a5800 Exception <a 'sun/nio/fs/WindowsException'> (0x00000000f9673228) thrown at [D:\src\AOSP-openjdk-cygwin\jdk8u\hotspot\src\share\vm\prims\jni.cpp, line 709]
Event: 414.794 Thread 0x000000001d0a5800 Exception <a 'sun/nio/fs/WindowsException'> (0x00000000eada8b30) thrown at [D:\src\AOSP-openjdk-cygwin\jdk8u\hotspot\src\share\vm\prims\jni.cpp, line 709]
Event: 414.797 Thread 0x000000001d0a5800 Exception <a 'sun/nio/fs/WindowsException'> (0x00000000eadf7910) thrown at [D:\src\AOSP-openjdk-cygwin\jdk8u\hotspot\src\share\vm\prims\jni.cpp, line 709]
Event: 414.799 Thread 0x000000001d0a5800 Exception <a 'sun/nio/fs/WindowsException'> (0x00000000eae44538) thrown at [D:\src\AOSP-openjdk-cygwin\jdk8u\hotspot\src\share\vm\prims\jni.cpp, line 709]
Event: 414.802 Thread 0x000000001d0a5800 Exception <a 'sun/nio/fs/WindowsException'> (0x00000000eae8d980) thrown at [D:\src\AOSP-openjdk-cygwin\jdk8u\hotspot\src\share\vm\prims\jni.cpp, line 709]
Event: 414.804 Thread 0x000000001d0a5800 Exception <a 'sun/nio/fs/WindowsException'> (0x00000000eae97690) thrown at [D:\src\AOSP-openjdk-cygwin\jdk8u\hotspot\src\share\vm\prims\jni.cpp, line 709]
Event: 416.472 Thread 0x000000001d0af800 Exception <a 'sun/nio/fs/WindowsException'> (0x00000000ec235848) thrown at [D:\src\AOSP-openjdk-cygwin\jdk8u\hotspot\src\share\vm\prims\jni.cpp, line 709]
Event: 416.610 Thread 0x000000001d0a9800 Exception <a 'sun/nio/fs/WindowsException'> (0x00000000ececaa58) thrown at [D:\src\AOSP-openjdk-cygwin\jdk8u\hotspot\src\share\vm\prims\jni.cpp, line 709]
Event: 565.931 Thread 0x000000001a517000 Exception <a 'sun/nio/fs/WindowsException'> (0x00000000eeb4acc8) thrown at [D:\src\AOSP-openjdk-cygwin\jdk8u\hotspot\src\share\vm\prims\jni.cpp, line 709]
Event: 574.015 Thread 0x000000001a3b8000 Implicit null exception at 0x0000000005295c99 to 0x0000000005296109

Events (10 events):
Event: 574.511 Thread 0x000000001a3b8000 DEOPT PACKING pc=0x00000000057eca8c sp=0x00000000215fb7c0
Event: 574.511 Thread 0x000000001a3b8000 DEOPT UNPACKING pc=0x00000000023c557b sp=0x00000000215fb760 mode 2
Event: 574.540 Executing VM operation: ForceSafepoint
Event: 574.540 Executing VM operation: ForceSafepoint done
Event: 574.590 Thread 0x000000001a3b8000 Uncommon trap: trap_request=0xffffff65 fr.pc=0x00000000057d62a8
Event: 574.590 Thread 0x000000001a3b8000 DEOPT PACKING pc=0x00000000057d62a8 sp=0x00000000215f9520
Event: 574.590 Thread 0x000000001a3b8000 DEOPT UNPACKING pc=0x00000000023c557b sp=0x00000000215f94e0 mode 2
Event: 574.612 Thread 0x000000001a3b8000 Uncommon trap: trap_request=0xffffff76 fr.pc=0x000000000544e114
Event: 574.612 Thread 0x000000001a3b8000 DEOPT PACKING pc=0x000000000544e114 sp=0x00000000215fab00
Event: 574.612 Thread 0x000000001a3b8000 DEOPT UNPACKING pc=0x00000000023c557b sp=0x00000000215faa40 mode 2


Dynamic libraries:
0x00007ff6be400000 - 0x00007ff6be431000 	C:\Program Files\Android\Android Studio\jre\bin\java.exe
0x00007ff8e3d40000 - 0x00007ff8e3f30000 	C:\WINDOWS\SYSTEM32\ntdll.dll
0x00007ff8e33e0000 - 0x00007ff8e3492000 	C:\WINDOWS\System32\KERNEL32.DLL
0x00007ff8e0ea0000 - 0x00007ff8e1143000 	C:\WINDOWS\System32\KERNELBASE.dll
0x00007ff8e3040000 - 0x00007ff8e30e3000 	C:\WINDOWS\System32\ADVAPI32.dll
0x00007ff8e2540000 - 0x00007ff8e25de000 	C:\WINDOWS\System32\msvcrt.dll
0x00007ff8e3ba0000 - 0x00007ff8e3c37000 	C:\WINDOWS\System32\sechost.dll
0x00007ff8e2130000 - 0x00007ff8e2250000 	C:\WINDOWS\System32\RPCRT4.dll
0x00007ff8e2650000 - 0x00007ff8e27e4000 	C:\WINDOWS\System32\USER32.dll
0x00007ff8e0cd0000 - 0x00007ff8e0cf1000 	C:\WINDOWS\System32\win32u.dll
0x00007ff8e2ee0000 - 0x00007ff8e2f06000 	C:\WINDOWS\System32\GDI32.dll
0x00007ff8e1150000 - 0x00007ff8e12e4000 	C:\WINDOWS\System32\gdi32full.dll
0x00007ff8e0e00000 - 0x00007ff8e0e9e000 	C:\WINDOWS\System32\msvcp_win.dll
0x00007ff8e13a0000 - 0x00007ff8e149a000 	C:\WINDOWS\System32\ucrtbase.dll
0x00007ff8ca790000 - 0x00007ff8caa15000 	C:\WINDOWS\WinSxS\amd64_microsoft.windows.common-controls_6595b64144ccf1df_6.0.18362.720_none_e6beb5c51314836b\COMCTL32.dll
0x00007ff8e1df0000 - 0x00007ff8e2126000 	C:\WINDOWS\System32\combase.dll
0x00007ff8e0d00000 - 0x00007ff8e0d80000 	C:\WINDOWS\System32\bcryptPrimitives.dll
0x00007ff8e3260000 - 0x00007ff8e328e000 	C:\WINDOWS\System32\IMM32.DLL
0x0000000063bf0000 - 0x0000000063cc2000 	C:\Program Files\Android\Android Studio\jre\jre\bin\msvcr100.dll
0x0000000065f40000 - 0x000000006677f000 	C:\Program Files\Android\Android Studio\jre\jre\bin\server\jvm.dll
0x00007ff8e3290000 - 0x00007ff8e3298000 	C:\WINDOWS\System32\PSAPI.DLL
0x00007ff8da8f0000 - 0x00007ff8da914000 	C:\WINDOWS\SYSTEM32\WINMM.dll
0x00007ff8dc230000 - 0x00007ff8dc23a000 	C:\WINDOWS\SYSTEM32\VERSION.dll
0x00007ff8dade0000 - 0x00007ff8dade9000 	C:\WINDOWS\SYSTEM32\WSOCK32.dll
0x00007ff8e31f0000 - 0x00007ff8e325f000 	C:\WINDOWS\System32\WS2_32.dll
0x00007ff8da8c0000 - 0x00007ff8da8ed000 	C:\WINDOWS\SYSTEM32\WINMMBASE.dll
0x00007ff8e14a0000 - 0x00007ff8e14ea000 	C:\WINDOWS\System32\cfgmgr32.dll
0x00007ff8d9e30000 - 0x00007ff8d9e3f000 	C:\Program Files\Android\Android Studio\jre\jre\bin\verify.dll
0x00007ff8c2fb0000 - 0x00007ff8c2fd9000 	C:\Program Files\Android\Android Studio\jre\jre\bin\java.dll
0x00007ff8d8390000 - 0x00007ff8d83a6000 	C:\Program Files\Android\Android Studio\jre\jre\bin\zip.dll
0x00007ff8e27f0000 - 0x00007ff8e2ed5000 	C:\WINDOWS\System32\SHELL32.dll
0x00007ff8e2330000 - 0x00007ff8e23d9000 	C:\WINDOWS\System32\shcore.dll
0x00007ff8e14f0000 - 0x00007ff8e1c70000 	C:\WINDOWS\System32\windows.storage.dll
0x00007ff8e0ca0000 - 0x00007ff8e0cc3000 	C:\WINDOWS\System32\profapi.dll
0x00007ff8e0c30000 - 0x00007ff8e0c7a000 	C:\WINDOWS\System32\powrprof.dll
0x00007ff8e0c00000 - 0x00007ff8e0c10000 	C:\WINDOWS\System32\UMPDC.dll
0x00007ff8e3b40000 - 0x00007ff8e3b92000 	C:\WINDOWS\System32\shlwapi.dll
0x00007ff8e0c10000 - 0x00007ff8e0c21000 	C:\WINDOWS\System32\kernel.appcore.dll
0x00007ff8e0de0000 - 0x00007ff8e0df7000 	C:\WINDOWS\System32\cryptsp.dll
0x00007ff8d8000000 - 0x00007ff8d801a000 	C:\Program Files\Android\Android Studio\jre\jre\bin\net.dll
0x00007ff8e0470000 - 0x00007ff8e04d7000 	C:\WINDOWS\system32\mswsock.dll
0x00007ff8c7350000 - 0x00007ff8c7361000 	C:\Program Files\Android\Android Studio\jre\jre\bin\nio.dll
0x00007ff8d7ce0000 - 0x00007ff8d7cfe000 	C:\Users\Shubham\.gradle\native\25\windows-amd64\native-platform.dll
0x00007ff8d9e20000 - 0x00007ff8d9e2d000 	C:\Program Files\Android\Android Studio\jre\jre\bin\management.dll
0x00007ff8dffe0000 - 0x00007ff8e0013000 	C:\WINDOWS\system32\rsaenh.dll
0x00007ff8e1dc0000 - 0x00007ff8e1de6000 	C:\WINDOWS\System32\bcrypt.dll
0x00007ff8e0af0000 - 0x00007ff8e0b15000 	C:\WINDOWS\SYSTEM32\USERENV.dll
0x00007ff8e0640000 - 0x00007ff8e064c000 	C:\WINDOWS\SYSTEM32\CRYPTBASE.dll
0x00007ff8e0180000 - 0x00007ff8e01ba000 	C:\WINDOWS\SYSTEM32\IPHLPAPI.DLL
0x00007ff8e30f0000 - 0x00007ff8e30f8000 	C:\WINDOWS\System32\NSI.dll
0x00007ff8d9c10000 - 0x00007ff8d9c26000 	C:\WINDOWS\SYSTEM32\dhcpcsvc6.DLL
0x00007ff8da620000 - 0x00007ff8da63c000 	C:\WINDOWS\SYSTEM32\dhcpcsvc.DLL
0x00007ff8e01c0000 - 0x00007ff8e028a000 	C:\WINDOWS\SYSTEM32\DNSAPI.dll

VM Arguments:
jvm_args: -Xmx1024m -Dfile.encoding=windows-1252 -Duser.country=IN -Duser.language=en -Duser.variant 
java_command: org.gradle.launcher.daemon.bootstrap.GradleDaemon 4.6
java_class_path (initial): C:\Users\Shubham\.gradle\wrapper\dists\gradle-4.6-all\bcst21l2brirad8k2ben1letg\gradle-4.6\lib\gradle-launcher-4.6.jar
Launcher Type: SUN_STANDARD

Environment Variables:
JRE_HOME=C:\Program Files\Java\jre1.8.0_144
CLASSPATH=.;C:\Program Files (x86)\QuickTime\QTSystem\QTJava.zip
USERNAME=Shubham
OS=Windows_NT
PROCESSOR_IDENTIFIER=Intel64 Family 6 Model 142 Stepping 9, GenuineIntel



---------------  S Y S T E M  ---------------

OS: Windows 10.0 , 64 bit Build 18362 (10.0.18362.329)

CPU:total 4 (initial active 4) (2 cores per cpu, 2 threads per core) family 6 model 142 stepping 9, cmov, cx8, fxsr, mmx, sse, sse2, sse3, ssse3, sse4.1, sse4.2, popcnt, avx, avx2, aes, clmul, erms, 3dnowpref, lzcnt, ht, tsc, tscinvbit, bmi1, bmi2, adx

Memory: 4k page, physical 8253668k(428012k free), swap 33419492k(5528k free)

vm_info: OpenJDK 64-Bit Server VM (25.152-b02) for windows-amd64 JRE (1.8.0_152-release-1024-b02), built by "builder" with MS VC++ 10.0 (VS2010)

time: Tue Apr 07 18:36:38 2020
elapsed time: 575 seconds (0d 0h 9m 35s)

